빌드 시작: 2017-11-21 오후 6:52:18
     1>2 노드의 "C:\Users\hyojung\Blackjack\Blackjack\Lab06_201602013\Lab06_201602013.vcxproj" 프로젝트(build 대상)입니다.
     1>InitializeBuildStatus:
         "Debug\Lab06_201602013.unsuccessfulbuild"에 연결(touching)하고 있습니다.
       ClCompile:
         모든 출력이 최신 상태입니다.
         c:\Program Files (x86)\Microsoft Visual Studio 10.0\VC\bin\CL.exe /c /ZI /nologo /W3 /WX- /Od /Oy- /D WIN32 /D _DEBUG /D _CONSOLE /D _UNICODE /D UNICODE /Gm /EHsc /RTC1 /MDd /GS /fp:precise /Zc:wchar_t /Zc:forScope /Fo"Debug\\" /Fd"Debug\vc100.pdb" /Gd /TP /analyze- /errorReport:prompt BlackjackGame.cpp CalcAdapter.cpp Dealer.cpp Game.cpp Hand.cpp Lab06_201602013.cpp Player.cpp PyramidGame.cpp
         PyramidGame.cpp
     1>c:\users\hyojung\blackjack\blackjack\lab06_201602013\calcadapter.h(4): error C2236: 예기치 않은 'class' 'CalcAdapter'입니다. ';'가 없습니다.
     1>c:\users\hyojung\blackjack\blackjack\lab06_201602013\calcadapter.h(4): error C2143: 구문 오류 : ';'이(가) ':' 앞에 없습니다.
     1>c:\users\hyojung\blackjack\blackjack\lab06_201602013\calcadapter.h(4): error C2059: 구문 오류 : ':'
     1>c:\users\hyojung\blackjack\blackjack\lab06_201602013\calcadapter.h(4): error C2059: 구문 오류 : 'public'
     1>c:\users\hyojung\blackjack\blackjack\lab06_201602013\calcadapter.h(4): error C2143: 구문 오류 : ';'이(가) '{' 앞에 없습니다.
     1>c:\users\hyojung\blackjack\blackjack\lab06_201602013\calcadapter.h(4): error C2447: '{' : 함수 헤더가 없습니다. 이전 스타일의 형식 목록입니까?
     1>c:\users\hyojung\blackjack\blackjack\lab06_201602013\hand.h(16): error C2146: 구문 오류 : ';'이(가) 'cal' 식별자 앞에 없습니다.
                 c:\users\hyojung\blackjack\blackjack\lab06_201602013\hand.h(41) : 컴파일 중인 클래스 템플릿 인스턴스화 'Hand<T>'에 대한 참조를 확인하십시오.
     1>c:\users\hyojung\blackjack\blackjack\lab06_201602013\hand.h(16): error C4430: 형식 지정자가 없습니다. int로 가정합니다. 참고: C++에서는 기본 int를 지원하지 않습니다.
     1>c:\users\hyojung\blackjack\blackjack\lab06_201602013\hand.h(16): error C4430: 형식 지정자가 없습니다. int로 가정합니다. 참고: C++에서는 기본 int를 지원하지 않습니다.
     1>c:\users\hyojung\blackjack\blackjack\lab06_201602013\hand.h(16): error C2146: 구문 오류 : ';'이(가) 'cal' 식별자 앞에 없습니다.
                 c:\users\hyojung\blackjack\blackjack\lab06_201602013\pyramidgame.cpp(65) : 컴파일 중인 클래스 템플릿 인스턴스화 'Hand<T>'에 대한 참조를 확인하십시오.
                 with
                 [
                     T=Card *
                 ]
     1>c:\users\hyojung\blackjack\blackjack\lab06_201602013\hand.h(16): error C4430: 형식 지정자가 없습니다. int로 가정합니다. 참고: C++에서는 기본 int를 지원하지 않습니다.
     1>c:\users\hyojung\blackjack\blackjack\lab06_201602013\hand.h(16): error C4430: 형식 지정자가 없습니다. int로 가정합니다. 참고: C++에서는 기본 int를 지원하지 않습니다.
         Player.cpp
     1>c:\users\hyojung\blackjack\blackjack\lab06_201602013\calcadapter.h(4): error C2236: 예기치 않은 'class' 'CalcAdapter'입니다. ';'가 없습니다.
     1>c:\users\hyojung\blackjack\blackjack\lab06_201602013\calcadapter.h(4): error C2143: 구문 오류 : ';'이(가) ':' 앞에 없습니다.
     1>c:\users\hyojung\blackjack\blackjack\lab06_201602013\calcadapter.h(4): error C2059: 구문 오류 : ':'
     1>c:\users\hyojung\blackjack\blackjack\lab06_201602013\calcadapter.h(4): error C2059: 구문 오류 : 'public'
     1>c:\users\hyojung\blackjack\blackjack\lab06_201602013\calcadapter.h(4): error C2143: 구문 오류 : ';'이(가) '{' 앞에 없습니다.
     1>c:\users\hyojung\blackjack\blackjack\lab06_201602013\calcadapter.h(4): error C2447: '{' : 함수 헤더가 없습니다. 이전 스타일의 형식 목록입니까?
     1>c:\users\hyojung\blackjack\blackjack\lab06_201602013\hand.h(16): error C2146: 구문 오류 : ';'이(가) 'cal' 식별자 앞에 없습니다.
                 c:\users\hyojung\blackjack\blackjack\lab06_201602013\hand.h(41) : 컴파일 중인 클래스 템플릿 인스턴스화 'Hand<T>'에 대한 참조를 확인하십시오.
     1>c:\users\hyojung\blackjack\blackjack\lab06_201602013\hand.h(16): error C4430: 형식 지정자가 없습니다. int로 가정합니다. 참고: C++에서는 기본 int를 지원하지 않습니다.
     1>c:\users\hyojung\blackjack\blackjack\lab06_201602013\hand.h(16): error C4430: 형식 지정자가 없습니다. int로 가정합니다. 참고: C++에서는 기본 int를 지원하지 않습니다.
     1>c:\users\hyojung\blackjack\blackjack\lab06_201602013\hand.h(16): error C2146: 구문 오류 : ';'이(가) 'cal' 식별자 앞에 없습니다.
                 c:\users\hyojung\blackjack\blackjack\lab06_201602013\player.cpp(9) : 컴파일 중인 클래스 템플릿 인스턴스화 'Hand<T>'에 대한 참조를 확인하십시오.
                 with
                 [
                     T=Card *
                 ]
     1>c:\users\hyojung\blackjack\blackjack\lab06_201602013\hand.h(16): error C4430: 형식 지정자가 없습니다. int로 가정합니다. 참고: C++에서는 기본 int를 지원하지 않습니다.
     1>c:\users\hyojung\blackjack\blackjack\lab06_201602013\hand.h(16): error C4430: 형식 지정자가 없습니다. int로 가정합니다. 참고: C++에서는 기본 int를 지원하지 않습니다.
         Lab06_201602013.cpp
     1>c:\users\hyojung\blackjack\blackjack\lab06_201602013\calcadapter.h(4): error C2236: 예기치 않은 'class' 'CalcAdapter'입니다. ';'가 없습니다.
     1>c:\users\hyojung\blackjack\blackjack\lab06_201602013\calcadapter.h(4): error C2143: 구문 오류 : ';'이(가) ':' 앞에 없습니다.
     1>c:\users\hyojung\blackjack\blackjack\lab06_201602013\calcadapter.h(4): error C2059: 구문 오류 : ':'
     1>c:\users\hyojung\blackjack\blackjack\lab06_201602013\calcadapter.h(4): error C2059: 구문 오류 : 'public'
     1>c:\users\hyojung\blackjack\blackjack\lab06_201602013\calcadapter.h(4): error C2143: 구문 오류 : ';'이(가) '{' 앞에 없습니다.
     1>c:\users\hyojung\blackjack\blackjack\lab06_201602013\calcadapter.h(4): error C2447: '{' : 함수 헤더가 없습니다. 이전 스타일의 형식 목록입니까?
     1>c:\users\hyojung\blackjack\blackjack\lab06_201602013\hand.h(16): error C2146: 구문 오류 : ';'이(가) 'cal' 식별자 앞에 없습니다.
                 c:\users\hyojung\blackjack\blackjack\lab06_201602013\hand.h(41) : 컴파일 중인 클래스 템플릿 인스턴스화 'Hand<T>'에 대한 참조를 확인하십시오.
     1>c:\users\hyojung\blackjack\blackjack\lab06_201602013\hand.h(16): error C4430: 형식 지정자가 없습니다. int로 가정합니다. 참고: C++에서는 기본 int를 지원하지 않습니다.
     1>c:\users\hyojung\blackjack\blackjack\lab06_201602013\hand.h(16): error C4430: 형식 지정자가 없습니다. int로 가정합니다. 참고: C++에서는 기본 int를 지원하지 않습니다.
         Hand.cpp
     1>c:\users\hyojung\blackjack\blackjack\lab06_201602013\calcadapter.h(4): error C2236: 예기치 않은 'class' 'CalcAdapter'입니다. ';'가 없습니다.
     1>c:\users\hyojung\blackjack\blackjack\lab06_201602013\calcadapter.h(4): error C2143: 구문 오류 : ';'이(가) ':' 앞에 없습니다.
     1>c:\users\hyojung\blackjack\blackjack\lab06_201602013\calcadapter.h(4): error C2059: 구문 오류 : ':'
     1>c:\users\hyojung\blackjack\blackjack\lab06_201602013\calcadapter.h(4): error C2059: 구문 오류 : 'public'
     1>c:\users\hyojung\blackjack\blackjack\lab06_201602013\calcadapter.h(4): error C2143: 구문 오류 : ';'이(가) '{' 앞에 없습니다.
     1>c:\users\hyojung\blackjack\blackjack\lab06_201602013\calcadapter.h(4): error C2447: '{' : 함수 헤더가 없습니다. 이전 스타일의 형식 목록입니까?
     1>c:\users\hyojung\blackjack\blackjack\lab06_201602013\hand.h(16): error C2146: 구문 오류 : ';'이(가) 'cal' 식별자 앞에 없습니다.
                 c:\users\hyojung\blackjack\blackjack\lab06_201602013\hand.h(41) : 컴파일 중인 클래스 템플릿 인스턴스화 'Hand<T>'에 대한 참조를 확인하십시오.
     1>c:\users\hyojung\blackjack\blackjack\lab06_201602013\hand.h(16): error C4430: 형식 지정자가 없습니다. int로 가정합니다. 참고: C++에서는 기본 int를 지원하지 않습니다.
     1>c:\users\hyojung\blackjack\blackjack\lab06_201602013\hand.h(16): error C4430: 형식 지정자가 없습니다. int로 가정합니다. 참고: C++에서는 기본 int를 지원하지 않습니다.
     1>c:\users\hyojung\blackjack\blackjack\lab06_201602013\hand.h(16): error C2146: 구문 오류 : ';'이(가) 'cal' 식별자 앞에 없습니다.
                 c:\users\hyojung\blackjack\blackjack\lab06_201602013\hand.cpp(9) : 컴파일 중인 클래스 템플릿 인스턴스화 'Hand<T>'에 대한 참조를 확인하십시오.
                 with
                 [
                     T=Card *
                 ]
     1>c:\users\hyojung\blackjack\blackjack\lab06_201602013\hand.h(16): error C4430: 형식 지정자가 없습니다. int로 가정합니다. 참고: C++에서는 기본 int를 지원하지 않습니다.
     1>c:\users\hyojung\blackjack\blackjack\lab06_201602013\hand.h(16): error C4430: 형식 지정자가 없습니다. int로 가정합니다. 참고: C++에서는 기본 int를 지원하지 않습니다.
     1>c:\users\hyojung\blackjack\blackjack\lab06_201602013\hand.cpp(11): error C2065: 'cal' : 선언되지 않은 식별자입니다.
     1>c:\users\hyojung\blackjack\blackjack\lab06_201602013\hand.cpp(11): error C2061: 구문 오류 : 식별자 'CalcAdapter'
     1>c:\users\hyojung\blackjack\blackjack\lab06_201602013\hand.cpp(53): error C2065: 'cal' : 선언되지 않은 식별자입니다.
     1>c:\users\hyojung\blackjack\blackjack\lab06_201602013\hand.cpp(53): error C2228: '.calculate' 왼쪽에는 클래스/구조체/공용 구조체가 있어야 합니다.
                 ''unknown-type'' 형식입니다.
     1>c:\users\hyojung\blackjack\blackjack\lab06_201602013\hand.cpp(65): error C2065: 'cal' : 선언되지 않은 식별자입니다.
     1>c:\users\hyojung\blackjack\blackjack\lab06_201602013\hand.cpp(65): error C2228: '.getValue' 왼쪽에는 클래스/구조체/공용 구조체가 있어야 합니다.
                 ''unknown-type'' 형식입니다.
     1>c:\users\hyojung\blackjack\blackjack\lab06_201602013\hand.cpp(71): error C2065: 'cal' : 선언되지 않은 식별자입니다.
     1>c:\users\hyojung\blackjack\blackjack\lab06_201602013\hand.cpp(71): error C2228: '.getValue' 왼쪽에는 클래스/구조체/공용 구조체가 있어야 합니다.
                 ''unknown-type'' 형식입니다.
     1>c:\users\hyojung\blackjack\blackjack\lab06_201602013\hand.cpp(75): error C2065: 'cal' : 선언되지 않은 식별자입니다.
     1>c:\users\hyojung\blackjack\blackjack\lab06_201602013\hand.cpp(75): error C2228: '.getValue' 왼쪽에는 클래스/구조체/공용 구조체가 있어야 합니다.
                 ''unknown-type'' 형식입니다.
         Game.cpp
     1>c:\users\hyojung\blackjack\blackjack\lab06_201602013\calcadapter.h(4): error C2236: 예기치 않은 'class' 'CalcAdapter'입니다. ';'가 없습니다.
     1>c:\users\hyojung\blackjack\blackjack\lab06_201602013\calcadapter.h(4): error C2143: 구문 오류 : ';'이(가) ':' 앞에 없습니다.
     1>c:\users\hyojung\blackjack\blackjack\lab06_201602013\calcadapter.h(4): error C2059: 구문 오류 : ':'
     1>c:\users\hyojung\blackjack\blackjack\lab06_201602013\calcadapter.h(4): error C2059: 구문 오류 : 'public'
     1>c:\users\hyojung\blackjack\blackjack\lab06_201602013\calcadapter.h(4): error C2143: 구문 오류 : ';'이(가) '{' 앞에 없습니다.
     1>c:\users\hyojung\blackjack\blackjack\lab06_201602013\calcadapter.h(4): error C2447: '{' : 함수 헤더가 없습니다. 이전 스타일의 형식 목록입니까?
     1>c:\users\hyojung\blackjack\blackjack\lab06_201602013\hand.h(16): error C2146: 구문 오류 : ';'이(가) 'cal' 식별자 앞에 없습니다.
                 c:\users\hyojung\blackjack\blackjack\lab06_201602013\hand.h(41) : 컴파일 중인 클래스 템플릿 인스턴스화 'Hand<T>'에 대한 참조를 확인하십시오.
     1>c:\users\hyojung\blackjack\blackjack\lab06_201602013\hand.h(16): error C4430: 형식 지정자가 없습니다. int로 가정합니다. 참고: C++에서는 기본 int를 지원하지 않습니다.
     1>c:\users\hyojung\blackjack\blackjack\lab06_201602013\hand.h(16): error C4430: 형식 지정자가 없습니다. int로 가정합니다. 참고: C++에서는 기본 int를 지원하지 않습니다.
         Dealer.cpp
     1>c:\users\hyojung\blackjack\blackjack\lab06_201602013\calcadapter.h(4): error C2236: 예기치 않은 'class' 'CalcAdapter'입니다. ';'가 없습니다.
     1>c:\users\hyojung\blackjack\blackjack\lab06_201602013\calcadapter.h(4): error C2143: 구문 오류 : ';'이(가) ':' 앞에 없습니다.
     1>c:\users\hyojung\blackjack\blackjack\lab06_201602013\calcadapter.h(4): error C2059: 구문 오류 : ':'
     1>c:\users\hyojung\blackjack\blackjack\lab06_201602013\calcadapter.h(4): error C2059: 구문 오류 : 'public'
     1>c:\users\hyojung\blackjack\blackjack\lab06_201602013\calcadapter.h(4): error C2143: 구문 오류 : ';'이(가) '{' 앞에 없습니다.
     1>c:\users\hyojung\blackjack\blackjack\lab06_201602013\calcadapter.h(4): error C2447: '{' : 함수 헤더가 없습니다. 이전 스타일의 형식 목록입니까?
     1>c:\users\hyojung\blackjack\blackjack\lab06_201602013\hand.h(16): error C2146: 구문 오류 : ';'이(가) 'cal' 식별자 앞에 없습니다.
                 c:\users\hyojung\blackjack\blackjack\lab06_201602013\hand.h(41) : 컴파일 중인 클래스 템플릿 인스턴스화 'Hand<T>'에 대한 참조를 확인하십시오.
     1>c:\users\hyojung\blackjack\blackjack\lab06_201602013\hand.h(16): error C4430: 형식 지정자가 없습니다. int로 가정합니다. 참고: C++에서는 기본 int를 지원하지 않습니다.
     1>c:\users\hyojung\blackjack\blackjack\lab06_201602013\hand.h(16): error C4430: 형식 지정자가 없습니다. int로 가정합니다. 참고: C++에서는 기본 int를 지원하지 않습니다.
     1>c:\users\hyojung\blackjack\blackjack\lab06_201602013\hand.h(16): error C2146: 구문 오류 : ';'이(가) 'cal' 식별자 앞에 없습니다.
                 c:\users\hyojung\blackjack\blackjack\lab06_201602013\dealer.cpp(10) : 컴파일 중인 클래스 템플릿 인스턴스화 'Hand<T>'에 대한 참조를 확인하십시오.
                 with
                 [
                     T=Card *
                 ]
     1>c:\users\hyojung\blackjack\blackjack\lab06_201602013\hand.h(16): error C4430: 형식 지정자가 없습니다. int로 가정합니다. 참고: C++에서는 기본 int를 지원하지 않습니다.
     1>c:\users\hyojung\blackjack\blackjack\lab06_201602013\hand.h(16): error C4430: 형식 지정자가 없습니다. int로 가정합니다. 참고: C++에서는 기본 int를 지원하지 않습니다.
         CalcAdapter.cpp
     1>c:\users\hyojung\blackjack\blackjack\lab06_201602013\calcadapter.h(4): error C2236: 예기치 않은 'class' 'CalcAdapter'입니다. ';'가 없습니다.
     1>c:\users\hyojung\blackjack\blackjack\lab06_201602013\calcadapter.h(4): error C2143: 구문 오류 : ';'이(가) ':' 앞에 없습니다.
     1>c:\users\hyojung\blackjack\blackjack\lab06_201602013\calcadapter.h(4): error C2059: 구문 오류 : ':'
     1>c:\users\hyojung\blackjack\blackjack\lab06_201602013\calcadapter.h(4): error C2059: 구문 오류 : 'public'
     1>c:\users\hyojung\blackjack\blackjack\lab06_201602013\calcadapter.h(4): error C2143: 구문 오류 : ';'이(가) '{' 앞에 없습니다.
     1>c:\users\hyojung\blackjack\blackjack\lab06_201602013\calcadapter.h(4): error C2447: '{' : 함수 헤더가 없습니다. 이전 스타일의 형식 목록입니까?
     1>c:\users\hyojung\blackjack\blackjack\lab06_201602013\calcadapter.cpp(3): error C2653: 'CalcAdapter' : 클래스 또는 네임스페이스 이름이 아닙니다.
     1>c:\users\hyojung\blackjack\blackjack\lab06_201602013\calcadapter.cpp(3): error C4430: 형식 지정자가 없습니다. int로 가정합니다. 참고: C++에서는 기본 int를 지원하지 않습니다.
     1>c:\users\hyojung\blackjack\blackjack\lab06_201602013\calcadapter.cpp(4): error C2065: 'sum' : 선언되지 않은 식별자입니다.
     1>c:\users\hyojung\blackjack\blackjack\lab06_201602013\calcadapter.cpp(5): error C2065: 'sum' : 선언되지 않은 식별자입니다.
     1>c:\users\hyojung\blackjack\blackjack\lab06_201602013\calcadapter.cpp(7): warning C4508: 'CalcAdapter' : 함수는 값을 반환해야 하므로 'void' 반환 형식으로 간주됩니다.
     1>c:\users\hyojung\blackjack\blackjack\lab06_201602013\calcadapter.cpp(8): error C2653: 'CalcAdapter' : 클래스 또는 네임스페이스 이름이 아닙니다.
     1>c:\users\hyojung\blackjack\blackjack\lab06_201602013\calcadapter.cpp(8): fatal error C1903: 이전 오류를 복구할 수 없습니다. 컴파일이 중지됩니다.
         BlackjackGame.cpp
     1>c:\users\hyojung\blackjack\blackjack\lab06_201602013\calcadapter.h(4): error C2236: 예기치 않은 'class' 'CalcAdapter'입니다. ';'가 없습니다.
     1>c:\users\hyojung\blackjack\blackjack\lab06_201602013\calcadapter.h(4): error C2143: 구문 오류 : ';'이(가) ':' 앞에 없습니다.
     1>c:\users\hyojung\blackjack\blackjack\lab06_201602013\calcadapter.h(4): error C2059: 구문 오류 : ':'
     1>c:\users\hyojung\blackjack\blackjack\lab06_201602013\calcadapter.h(4): error C2059: 구문 오류 : 'public'
     1>c:\users\hyojung\blackjack\blackjack\lab06_201602013\calcadapter.h(4): error C2143: 구문 오류 : ';'이(가) '{' 앞에 없습니다.
     1>c:\users\hyojung\blackjack\blackjack\lab06_201602013\calcadapter.h(4): error C2447: '{' : 함수 헤더가 없습니다. 이전 스타일의 형식 목록입니까?
     1>c:\users\hyojung\blackjack\blackjack\lab06_201602013\hand.h(16): error C2146: 구문 오류 : ';'이(가) 'cal' 식별자 앞에 없습니다.
                 c:\users\hyojung\blackjack\blackjack\lab06_201602013\hand.h(41) : 컴파일 중인 클래스 템플릿 인스턴스화 'Hand<T>'에 대한 참조를 확인하십시오.
     1>c:\users\hyojung\blackjack\blackjack\lab06_201602013\hand.h(16): error C4430: 형식 지정자가 없습니다. int로 가정합니다. 참고: C++에서는 기본 int를 지원하지 않습니다.
     1>c:\users\hyojung\blackjack\blackjack\lab06_201602013\hand.h(16): error C4430: 형식 지정자가 없습니다. int로 가정합니다. 참고: C++에서는 기본 int를 지원하지 않습니다.
     1>c:\users\hyojung\blackjack\blackjack\lab06_201602013\hand.h(16): error C2146: 구문 오류 : ';'이(가) 'cal' 식별자 앞에 없습니다.
                 c:\users\hyojung\blackjack\blackjack\lab06_201602013\blackjackgame.cpp(49) : 컴파일 중인 클래스 템플릿 인스턴스화 'Hand<T>'에 대한 참조를 확인하십시오.
                 with
                 [
                     T=Card *
                 ]
     1>c:\users\hyojung\blackjack\blackjack\lab06_201602013\hand.h(16): error C4430: 형식 지정자가 없습니다. int로 가정합니다. 참고: C++에서는 기본 int를 지원하지 않습니다.
     1>c:\users\hyojung\blackjack\blackjack\lab06_201602013\hand.h(16): error C4430: 형식 지정자가 없습니다. int로 가정합니다. 참고: C++에서는 기본 int를 지원하지 않습니다.
         코드를 생성하고 있습니다...
     1>"C:\Users\hyojung\Blackjack\Blackjack\Lab06_201602013\Lab06_201602013.vcxproj" 프로젝트를 빌드했습니다(build 대상). - 실패

빌드하지 못했습니다.

경과 시간: 00:00:03.59
