D:\대학 전공 컴공\17-2\객체지향설계\과제_실습\백업\Lab06_201602013\Debug\Lab06_201602013.pdb
D:\대학 전공 컴공\17-2\객체지향설계\과제_실습\백업\LAB06_201602013\LAB06_201602013\DEBUG\CARD.OBJ
D:\대학 전공 컴공\17-2\객체지향설계\과제_실습\백업\Lab06_201602013\Lab06_201602013\Debug\cl.command.1.tlog
D:\대학 전공 컴공\17-2\객체지향설계\과제_실습\백업\Lab06_201602013\Lab06_201602013\Debug\CL.read.1.tlog
D:\대학 전공 컴공\17-2\객체지향설계\과제_실습\백업\Lab06_201602013\Lab06_201602013\Debug\CL.write.1.tlog
D:\대학 전공 컴공\17-2\객체지향설계\과제_실습\백업\LAB06_201602013\LAB06_201602013\DEBUG\DEALER.OBJ
D:\대학 전공 컴공\17-2\객체지향설계\과제_실습\백업\LAB06_201602013\LAB06_201602013\DEBUG\DECK.OBJ
D:\대학 전공 컴공\17-2\객체지향설계\과제_실습\백업\LAB06_201602013\LAB06_201602013\DEBUG\GAME.OBJ
D:\대학 전공 컴공\17-2\객체지향설계\과제_실습\백업\LAB06_201602013\LAB06_201602013\DEBUG\HAND.OBJ
D:\대학 전공 컴공\17-2\객체지향설계\과제_실습\백업\LAB06_201602013\LAB06_201602013\DEBUG\LAB06_201602013.EXE.EMBED.MANIFEST
D:\대학 전공 컴공\17-2\객체지향설계\과제_실습\백업\LAB06_201602013\LAB06_201602013\DEBUG\LAB06_201602013.EXE.EMBED.MANIFEST.RES
D:\대학 전공 컴공\17-2\객체지향설계\과제_실습\백업\Lab06_201602013\Lab06_201602013\Debug\Lab06_201602013.exe.intermediate.manifest
D:\대학 전공 컴공\17-2\객체지향설계\과제_실습\백업\LAB06_201602013\LAB06_201602013\DEBUG\LAB06_201602013.OBJ
D:\대학 전공 컴공\17-2\객체지향설계\과제_실습\백업\LAB06_201602013\LAB06_201602013\DEBUG\LAB06_201602013.PCH
D:\대학 전공 컴공\17-2\객체지향설계\과제_실습\백업\Lab06_201602013\Lab06_201602013\Debug\Lab06_201602013.write.1.tlog
D:\대학 전공 컴공\17-2\객체지향설계\과제_실습\백업\Lab06_201602013\Lab06_201602013\Debug\Lab06_201602013_manifest.rc
D:\대학 전공 컴공\17-2\객체지향설계\과제_실습\백업\Lab06_201602013\Lab06_201602013\Debug\link.12056.read.1.tlog
D:\대학 전공 컴공\17-2\객체지향설계\과제_실습\백업\Lab06_201602013\Lab06_201602013\Debug\link.12056.write.1.tlog
D:\대학 전공 컴공\17-2\객체지향설계\과제_실습\백업\Lab06_201602013\Lab06_201602013\Debug\link.12056-cvtres.read.1.tlog
D:\대학 전공 컴공\17-2\객체지향설계\과제_실습\백업\Lab06_201602013\Lab06_201602013\Debug\link.12056-cvtres.write.1.tlog
D:\대학 전공 컴공\17-2\객체지향설계\과제_실습\백업\Lab06_201602013\Lab06_201602013\Debug\link.7144.read.1.tlog
D:\대학 전공 컴공\17-2\객체지향설계\과제_실습\백업\Lab06_201602013\Lab06_201602013\Debug\link.7144.write.1.tlog
D:\대학 전공 컴공\17-2\객체지향설계\과제_실습\백업\Lab06_201602013\Lab06_201602013\Debug\link.7144-cvtres.read.1.tlog
D:\대학 전공 컴공\17-2\객체지향설계\과제_실습\백업\Lab06_201602013\Lab06_201602013\Debug\link.7144-cvtres.write.1.tlog
D:\대학 전공 컴공\17-2\객체지향설계\과제_실습\백업\Lab06_201602013\Lab06_201602013\Debug\link.command.1.tlog
D:\대학 전공 컴공\17-2\객체지향설계\과제_실습\백업\Lab06_201602013\Lab06_201602013\Debug\link.read.1.tlog
D:\대학 전공 컴공\17-2\객체지향설계\과제_실습\백업\Lab06_201602013\Lab06_201602013\Debug\link.write.1.tlog
D:\대학 전공 컴공\17-2\객체지향설계\과제_실습\백업\Lab06_201602013\Lab06_201602013\Debug\link-cvtres.read.1.tlog
D:\대학 전공 컴공\17-2\객체지향설계\과제_실습\백업\Lab06_201602013\Lab06_201602013\Debug\link-cvtres.write.1.tlog
D:\대학 전공 컴공\17-2\객체지향설계\과제_실습\백업\Lab06_201602013\Lab06_201602013\Debug\mt.command.1.tlog
D:\대학 전공 컴공\17-2\객체지향설계\과제_실습\백업\Lab06_201602013\Lab06_201602013\Debug\mt.read.1.tlog
D:\대학 전공 컴공\17-2\객체지향설계\과제_실습\백업\Lab06_201602013\Lab06_201602013\Debug\mt.write.1.tlog
D:\대학 전공 컴공\17-2\객체지향설계\과제_실습\백업\LAB06_201602013\LAB06_201602013\DEBUG\PLAYER.OBJ
D:\대학 전공 컴공\17-2\객체지향설계\과제_실습\백업\Lab06_201602013\Lab06_201602013\Debug\rc.command.1.tlog
D:\대학 전공 컴공\17-2\객체지향설계\과제_실습\백업\Lab06_201602013\Lab06_201602013\Debug\rc.read.1.tlog
D:\대학 전공 컴공\17-2\객체지향설계\과제_실습\백업\Lab06_201602013\Lab06_201602013\Debug\rc.write.1.tlog
D:\대학 전공 컴공\17-2\객체지향설계\과제_실습\백업\LAB06_201602013\LAB06_201602013\DEBUG\STDAFX.OBJ
D:\대학 전공 컴공\17-2\객체지향설계\과제_실습\백업\Lab06_201602013\Lab06_201602013\Debug\vc100.idb
D:\대학 전공 컴공\17-2\객체지향설계\과제_실습\백업\LAB06_201602013\LAB06_201602013\DEBUG\VC100.PDB
